[debug] [2021-06-14T13:13:59.962Z] ----------------------------------------------------------------------
[debug] [2021-06-14T13:13:59.963Z] Command:       /usr/local/bin/node /usr/local/bin/firebase emulators:start
[debug] [2021-06-14T13:13:59.964Z] CLI Version:   9.8.0
[debug] [2021-06-14T13:13:59.964Z] Platform:      darwin
[debug] [2021-06-14T13:13:59.964Z] Node Version:  v14.15.4
[debug] [2021-06-14T13:13:59.965Z] Time:          Mon Jun 14 2021 18:43:59 GMT+0530 (India Standard Time)
[debug] [2021-06-14T13:13:59.965Z] ----------------------------------------------------------------------
[debug] 
[debug] [2021-06-14T13:13:59.971Z] > command requires scopes: ["email","openid","https://www.googleapis.com/auth/cloudplatformprojects.readonly","https://www.googleapis.com/auth/firebase","https://www.googleapis.com/auth/cloud-platform"]
[debug] [2021-06-14T13:13:59.972Z] > authorizing via signed-in user
[info] i  emulators: Starting emulators: auth, functions, firestore, hosting {"metadata":{"emulator":{"name":"hub"},"message":"Starting emulators: auth, functions, firestore, hosting"}}
[debug] [2021-06-14T13:13:59.987Z] [hub] writing locator at /var/folders/kx/z062tbbn34bb8_9qk9cgbqlr0000gn/T/hub-blog-by-ankur-dev.json
[warn] ⚠  functions: The following emulators are not running, calls to these services from the Functions emulator will affect production: database, pubsub {"metadata":{"emulator":{"name":"functions"},"message":"The following emulators are not running, calls to these services from the Functions emulator will affect production: \u001b[1mdatabase, pubsub\u001b[22m"}}
[info] ✔  functions: Using node@14 from host. {"metadata":{"emulator":{"name":"functions"},"message":"Using node@14 from host."}}
[debug] [2021-06-14T13:14:00.020Z] defaultcredentials: writing to file /Users/madhurjain/.config/firebase/mjain_sps_gmail.com_application_default_credentials.json
[debug] [2021-06-14T13:14:00.024Z] Setting GAC to /Users/madhurjain/.config/firebase/mjain_sps_gmail.com_application_default_credentials.json {"metadata":{"emulator":{"name":"functions"},"message":"Setting GAC to /Users/madhurjain/.config/firebase/mjain_sps_gmail.com_application_default_credentials.json"}}
[debug] [2021-06-14T13:14:00.025Z] >>> [apiv2][query] GET https://firebase.googleapis.com/v1beta1/projects/blog-by-ankur-dev/adminSdkConfig [none]
[debug] [2021-06-14T13:14:00.682Z] <<< [apiv2][status] GET https://firebase.googleapis.com/v1beta1/projects/blog-by-ankur-dev/adminSdkConfig 200
[debug] [2021-06-14T13:14:00.682Z] <<< [apiv2][body] GET https://firebase.googleapis.com/v1beta1/projects/blog-by-ankur-dev/adminSdkConfig {"projectId":"blog-by-ankur-dev","storageBucket":"blog-by-ankur-dev.appspot.com","locationId":"asia-south1"}
[debug] [2021-06-14T13:14:00.722Z] Ignoring unsupported arg: projectId {"metadata":{"emulator":{"name":"firestore"},"message":"Ignoring unsupported arg: projectId"}}
[debug] [2021-06-14T13:14:00.723Z] Ignoring unsupported arg: auto_download {"metadata":{"emulator":{"name":"firestore"},"message":"Ignoring unsupported arg: auto_download"}}
[debug] [2021-06-14T13:14:00.723Z] Starting Firestore Emulator with command {"binary":"java","args":["-Dgoogle.cloud_firestore.debug_log_level=FINE","-Duser.language=en","-jar","/Users/madhurjain/.cache/firebase/emulators/cloud-firestore-emulator-v1.11.12.jar","--host","localhost","--port",8080,"--rules","/Users/madhurjain/Documents/blog-by-ankur/blog-frontend/firestore.rules","--functions_emulator","localhost:5001"],"optionalArgs":["port","webchannel_port","host","rules","functions_emulator","seed_from_export"],"joinArgs":false} {"metadata":{"emulator":{"name":"firestore"},"message":"Starting Firestore Emulator with command {\"binary\":\"java\",\"args\":[\"-Dgoogle.cloud_firestore.debug_log_level=FINE\",\"-Duser.language=en\",\"-jar\",\"/Users/madhurjain/.cache/firebase/emulators/cloud-firestore-emulator-v1.11.12.jar\",\"--host\",\"localhost\",\"--port\",8080,\"--rules\",\"/Users/madhurjain/Documents/blog-by-ankur/blog-frontend/firestore.rules\",\"--functions_emulator\",\"localhost:5001\"],\"optionalArgs\":[\"port\",\"webchannel_port\",\"host\",\"rules\",\"functions_emulator\",\"seed_from_export\"],\"joinArgs\":false}"}}
[info] i  firestore: Firestore Emulator logging to firestore-debug.log {"metadata":{"emulator":{"name":"firestore"},"message":"Firestore Emulator logging to \u001b[1mfirestore-debug.log\u001b[22m"}}
[debug] [2021-06-14T13:14:07.189Z] API endpoint: http:// {"metadata":{"emulator":{"name":"firestore"},"message":"API endpoint: http://"}}
[debug] [2021-06-14T13:14:07.190Z] localhost:8080
If you are using a library that supports the FIRESTORE_EMULATOR_HOST environment variable, run:

   export FIRESTORE_EMULATOR_HOST=localhost:8080

Dev App Server is now running.

 {"metadata":{"emulator":{"name":"firestore"},"message":"localhost:8080\nIf you are using a library that supports the FIRESTORE_EMULATOR_HOST environment variable, run:\n\n   export FIRESTORE_EMULATOR_HOST=localhost:8080\n\nDev App Server is now running.\n\n"}}
[debug] [2021-06-14T13:14:09.503Z] >>> [apiv2][query] GET https://firebase.googleapis.com/v1beta1/projects/blog-by-ankur-dev/webApps/-/config [none]
[debug] [2021-06-14T13:14:10.830Z] <<< [apiv2][status] GET https://firebase.googleapis.com/v1beta1/projects/blog-by-ankur-dev/webApps/-/config 200
[debug] [2021-06-14T13:14:10.830Z] <<< [apiv2][body] GET https://firebase.googleapis.com/v1beta1/projects/blog-by-ankur-dev/webApps/-/config {"projectId":"blog-by-ankur-dev","appId":"1:710639076600:web:b80a61135cf5fd1fc6e70d","storageBucket":"blog-by-ankur-dev.appspot.com","locationId":"asia-south1","apiKey":"AIzaSyDqXPoJNlK0uZQyPbfph5ppA-qTdEzKesk","authDomain":"blog-by-ankur-dev.firebaseapp.com","messagingSenderId":"710639076600"}
[info] i  hosting: Serving hosting files from: build {"metadata":{"emulator":{"name":"hosting"},"message":"Serving hosting files from: \u001b[1mbuild\u001b[22m"}}
[info] ✔  hosting: Local server: http://localhost:5000 {"metadata":{"emulator":{"name":"hosting"},"message":"Local server: \u001b[4m\u001b[1mhttp://localhost:5000\u001b[22m\u001b[24m"}}
[debug] [2021-06-14T13:14:10.888Z] Ignoring unsupported arg: auto_download {"metadata":{"emulator":{"name":"ui"},"message":"Ignoring unsupported arg: auto_download"}}
[debug] [2021-06-14T13:14:10.889Z] Ignoring unsupported arg: port {"metadata":{"emulator":{"name":"ui"},"message":"Ignoring unsupported arg: port"}}
[debug] [2021-06-14T13:14:10.889Z] Starting Emulator UI with command {"binary":"node","args":["/Users/madhurjain/.cache/firebase/emulators/ui-v1.4.2/server.bundle.js"],"optionalArgs":[],"joinArgs":false} {"metadata":{"emulator":{"name":"ui"},"message":"Starting Emulator UI with command {\"binary\":\"node\",\"args\":[\"/Users/madhurjain/.cache/firebase/emulators/ui-v1.4.2/server.bundle.js\"],\"optionalArgs\":[],\"joinArgs\":false}"}}
[info] i  ui: Emulator UI logging to ui-debug.log {"metadata":{"emulator":{"name":"ui"},"message":"Emulator UI logging to \u001b[1mui-debug.log\u001b[22m"}}
[debug] [2021-06-14T13:14:10.990Z] Web / API server started at http://localhost:4000
 {"metadata":{"emulator":{"name":"ui"},"message":"Web / API server started at http://localhost:4000\n"}}
[info] i  functions: Watching "/Users/madhurjain/Documents/blog-by-ankur/blog-frontend/functions" for Cloud Functions... {"metadata":{"emulator":{"name":"functions"},"message":"Watching \"/Users/madhurjain/Documents/blog-by-ankur/blog-frontend/functions\" for Cloud Functions..."}}
[debug] [2021-06-14T13:14:11.255Z] [worker-pool] addWorker(~diagnostic~) {"metadata":{"emulator":{"name":"functions"},"message":"[worker-pool] addWorker(~diagnostic~)"}}
[debug] [2021-06-14T13:14:11.255Z] [worker-pool] Adding worker with key ~diagnostic~, total=1 {"metadata":{"emulator":{"name":"functions"},"message":"[worker-pool] Adding worker with key ~diagnostic~, total=1"}}
[debug] [2021-06-14T13:14:11.255Z] [worker-pool] submitWork(triggerId=) {"metadata":{"emulator":{"name":"functions"},"message":"[worker-pool] submitWork(triggerId=)"}}
[debug] [2021-06-14T13:14:11.256Z] [worker-~diagnostic~-d8ddc67d-fc10-4eab-9d26-43cb3e88886d]: Assigning socketPath: /var/folders/kx/z062tbbn34bb8_9qk9cgbqlr0000gn/T/fire_emu_8547.sock {"metadata":{"emulator":{"name":"functions"},"message":"[worker-~diagnostic~-d8ddc67d-fc10-4eab-9d26-43cb3e88886d]: Assigning socketPath: /var/folders/kx/z062tbbn34bb8_9qk9cgbqlr0000gn/T/fire_emu_8547.sock"}}
[debug] [2021-06-14T13:14:11.256Z] [worker-~diagnostic~-d8ddc67d-fc10-4eab-9d26-43cb3e88886d]: BUSY {"metadata":{"emulator":{"name":"functions"},"message":"[worker-~diagnostic~-d8ddc67d-fc10-4eab-9d26-43cb3e88886d]: BUSY"}}
[debug] [2021-06-14T13:14:11.408Z] [runtime-status] [8547] Functions runtime initialized. {"cwd":"/Users/madhurjain/Documents/blog-by-ankur/blog-frontend/functions","node_version":"14.15.4"} {"metadata":{"emulator":{"name":"functions"},"message":"[runtime-status] [8547] Functions runtime initialized. {\"cwd\":\"/Users/madhurjain/Documents/blog-by-ankur/blog-frontend/functions\",\"node_version\":\"14.15.4\"}"}}
[debug] [2021-06-14T13:14:11.408Z] [runtime-status] [8547] Disabled runtime features: undefined {"metadata":{"emulator":{"name":"functions"},"message":"[runtime-status] [8547] Disabled runtime features: undefined"}}
[debug] [2021-06-14T13:14:11.411Z] [runtime-status] [8547] Resolved module firebase-admin {"declared":true,"installed":true,"version":"9.9.0","resolution":"/Users/madhurjain/Documents/blog-by-ankur/blog-frontend/functions/node_modules/firebase-admin/lib/index.js"} {"metadata":{"emulator":{"name":"functions"},"message":"[runtime-status] [8547] Resolved module firebase-admin {\"declared\":true,\"installed\":true,\"version\":\"9.9.0\",\"resolution\":\"/Users/madhurjain/Documents/blog-by-ankur/blog-frontend/functions/node_modules/firebase-admin/lib/index.js\"}"}}
[debug] [2021-06-14T13:14:11.411Z] [runtime-status] [8547] Resolved module firebase-functions {"declared":true,"installed":true,"version":"3.14.1","resolution":"/Users/madhurjain/Documents/blog-by-ankur/blog-frontend/functions/node_modules/firebase-functions/lib/index.js"} {"metadata":{"emulator":{"name":"functions"},"message":"[runtime-status] [8547] Resolved module firebase-functions {\"declared\":true,\"installed\":true,\"version\":\"3.14.1\",\"resolution\":\"/Users/madhurjain/Documents/blog-by-ankur/blog-frontend/functions/node_modules/firebase-functions/lib/index.js\"}"}}
[debug] [2021-06-14T13:14:11.420Z] [runtime-status] [8547] Resolved module firebase-functions {"declared":true,"installed":true,"version":"3.14.1","resolution":"/Users/madhurjain/Documents/blog-by-ankur/blog-frontend/functions/node_modules/firebase-functions/lib/index.js"} {"metadata":{"emulator":{"name":"functions"},"message":"[runtime-status] [8547] Resolved module firebase-functions {\"declared\":true,\"installed\":true,\"version\":\"3.14.1\",\"resolution\":\"/Users/madhurjain/Documents/blog-by-ankur/blog-frontend/functions/node_modules/firebase-functions/lib/index.js\"}"}}
[debug] [2021-06-14T13:14:11.422Z] [runtime-status] [8547] Outgoing network have been stubbed. [{"name":"http","status":"mocked"},{"name":"http","status":"mocked"},{"name":"https","status":"mocked"},{"name":"https","status":"mocked"},{"name":"net","status":"mocked"}] {"metadata":{"emulator":{"name":"functions"},"message":"[runtime-status] [8547] Outgoing network have been stubbed. [{\"name\":\"http\",\"status\":\"mocked\"},{\"name\":\"http\",\"status\":\"mocked\"},{\"name\":\"https\",\"status\":\"mocked\"},{\"name\":\"https\",\"status\":\"mocked\"},{\"name\":\"net\",\"status\":\"mocked\"}]"}}
[debug] [2021-06-14T13:14:11.422Z] [runtime-status] [8547] Resolved module firebase-functions {"declared":true,"installed":true,"version":"3.14.1","resolution":"/Users/madhurjain/Documents/blog-by-ankur/blog-frontend/functions/node_modules/firebase-functions/lib/index.js"} {"metadata":{"emulator":{"name":"functions"},"message":"[runtime-status] [8547] Resolved module firebase-functions {\"declared\":true,\"installed\":true,\"version\":\"3.14.1\",\"resolution\":\"/Users/madhurjain/Documents/blog-by-ankur/blog-frontend/functions/node_modules/firebase-functions/lib/index.js\"}"}}
[debug] [2021-06-14T13:14:11.453Z] [runtime-status] [8547] Checked functions.config() {"config":{}} {"metadata":{"emulator":{"name":"functions"},"message":"[runtime-status] [8547] Checked functions.config() {\"config\":{}}"}}
[debug] [2021-06-14T13:14:11.454Z] [runtime-status] [8547] firebase-functions has been stubbed. {"functionsResolution":{"declared":true,"installed":true,"version":"3.14.1","resolution":"/Users/madhurjain/Documents/blog-by-ankur/blog-frontend/functions/node_modules/firebase-functions/lib/index.js"}} {"metadata":{"emulator":{"name":"functions"},"message":"[runtime-status] [8547] firebase-functions has been stubbed. {\"functionsResolution\":{\"declared\":true,\"installed\":true,\"version\":\"3.14.1\",\"resolution\":\"/Users/madhurjain/Documents/blog-by-ankur/blog-frontend/functions/node_modules/firebase-functions/lib/index.js\"}}"}}
[debug] [2021-06-14T13:14:11.454Z] [runtime-status] [8547] Resolved module firebase-functions {"declared":true,"installed":true,"version":"3.14.1","resolution":"/Users/madhurjain/Documents/blog-by-ankur/blog-frontend/functions/node_modules/firebase-functions/lib/index.js"} {"metadata":{"emulator":{"name":"functions"},"message":"[runtime-status] [8547] Resolved module firebase-functions {\"declared\":true,\"installed\":true,\"version\":\"3.14.1\",\"resolution\":\"/Users/madhurjain/Documents/blog-by-ankur/blog-frontend/functions/node_modules/firebase-functions/lib/index.js\"}"}}
[debug] [2021-06-14T13:14:11.454Z] [runtime-status] [8547] Resolved module firebase-admin {"declared":true,"installed":true,"version":"9.9.0","resolution":"/Users/madhurjain/Documents/blog-by-ankur/blog-frontend/functions/node_modules/firebase-admin/lib/index.js"} {"metadata":{"emulator":{"name":"functions"},"message":"[runtime-status] [8547] Resolved module firebase-admin {\"declared\":true,\"installed\":true,\"version\":\"9.9.0\",\"resolution\":\"/Users/madhurjain/Documents/blog-by-ankur/blog-frontend/functions/node_modules/firebase-admin/lib/index.js\"}"}}
[debug] [2021-06-14T13:14:11.454Z] [runtime-status] [8547] Resolved module firebase-functions {"declared":true,"installed":true,"version":"3.14.1","resolution":"/Users/madhurjain/Documents/blog-by-ankur/blog-frontend/functions/node_modules/firebase-functions/lib/index.js"} {"metadata":{"emulator":{"name":"functions"},"message":"[runtime-status] [8547] Resolved module firebase-functions {\"declared\":true,\"installed\":true,\"version\":\"3.14.1\",\"resolution\":\"/Users/madhurjain/Documents/blog-by-ankur/blog-frontend/functions/node_modules/firebase-functions/lib/index.js\"}"}}
[debug] [2021-06-14T13:14:11.454Z] [runtime-status] [8547] firebase-admin has been stubbed. {"adminResolution":{"declared":true,"installed":true,"version":"9.9.0","resolution":"/Users/madhurjain/Documents/blog-by-ankur/blog-frontend/functions/node_modules/firebase-admin/lib/index.js"}} {"metadata":{"emulator":{"name":"functions"},"message":"[runtime-status] [8547] firebase-admin has been stubbed. {\"adminResolution\":{\"declared\":true,\"installed\":true,\"version\":\"9.9.0\",\"resolution\":\"/Users/madhurjain/Documents/blog-by-ankur/blog-frontend/functions/node_modules/firebase-admin/lib/index.js\"}}"}}
[warn] ⚠  It looks like you're trying to access functions.config().firebase but there is no value there. You can learn more about setting up config here: https://firebase.google.com/docs/functions/local-emulator {"metadata":{"emulator":{"name":"functions"},"message":"It looks like you're trying to access functions.config().firebase but there is no value there. You can learn more about setting up config here: https://firebase.google.com/docs/functions/local-emulator"}}
[debug] [2021-06-14T13:14:11.456Z] [runtime-status] [8547] initializeApp(DEFAULT) {"storageBucket":"blog-by-ankur-dev.appspot.com","projectId":"blog-by-ankur-dev"} {"metadata":{"emulator":{"name":"functions"},"message":"[runtime-status] [8547] initializeApp(DEFAULT) {\"storageBucket\":\"blog-by-ankur-dev.appspot.com\",\"projectId\":\"blog-by-ankur-dev\"}"}}
[debug] [2021-06-14T13:14:11.457Z] addFirestoreTrigger "{\"eventTrigger\":{\"resource\":\"projects/blog-by-ankur-dev/databases/(default)/documents/posts/{postID}\",\"eventType\":\"providers/cloud.firestore/eventTypes/document.create\",\"service\":\"firestore.googleapis.com\"}}"
[debug] [2021-06-14T13:14:11.458Z] >>> HTTP REQUEST PUT http://localhost:8080/emulator/v1/projects/blog-by-ankur-dev/triggers/blogCreated-0  
 {"eventTrigger":{"resource":"projects/blog-by-ankur-dev/databases/(default)/documents/posts/{postID}","eventType":"providers/cloud.firestore/eventTypes/document.create","service":"firestore.googleapis.com"}}
[debug] [2021-06-14T13:14:11.461Z] [worker-~diagnostic~-d8ddc67d-fc10-4eab-9d26-43cb3e88886d]: IDLE {"metadata":{"emulator":{"name":"functions"},"message":"[worker-~diagnostic~-d8ddc67d-fc10-4eab-9d26-43cb3e88886d]: IDLE"}}
[debug] [2021-06-14T13:14:11.493Z] Jun 14, 2021 6:44:11 PM io.gapi.emulators.netty.HttpVersionRoutingHandler channelRead
INFO: Detected non-HTTP/2 connection.
 {"metadata":{"emulator":{"name":"firestore"},"message":"Jun 14, 2021 6:44:11 PM io.gapi.emulators.netty.HttpVersionRoutingHandler channelRead\nINFO: Detected non-HTTP/2 connection.\n"}}
[debug] [2021-06-14T13:14:11.657Z] Jun 14, 2021 6:44:11 PM io.gapi.emulators.netty.HttpVersionRoutingHandler channelRead
INFO: Detected HTTP/2 connection.
 {"metadata":{"emulator":{"name":"firestore"},"message":"Jun 14, 2021 6:44:11 PM io.gapi.emulators.netty.HttpVersionRoutingHandler channelRead\nINFO: Detected HTTP/2 connection.\n"}}
[debug] [2021-06-14T13:14:12.524Z] <<< HTTP RESPONSE 200 {"content-type":"application/json","content-length":"4"}
[info] ✔  functions[blogCreated]: firestore function initialized. {"metadata":{"emulator":{"name":"functions"},"message":"\u001b[1mfirestore\u001b[22m function initialized."}}
[info] 
┌─────────────────────────────────────────────────────────────┐
│ ✔  All emulators ready! It is now safe to connect your app. │
│ i  View Emulator UI at http://localhost:4000                │
└─────────────────────────────────────────────────────────────┘

┌────────────────┬────────────────┬─────────────────────────────────┐
│ Emulator       │ Host:Port      │ View in Emulator UI             │
├────────────────┼────────────────┼─────────────────────────────────┤
│ Authentication │ localhost:9099 │ http://localhost:4000/auth      │
├────────────────┼────────────────┼─────────────────────────────────┤
│ Functions      │ localhost:5001 │ http://localhost:4000/functions │
├────────────────┼────────────────┼─────────────────────────────────┤
│ Firestore      │ localhost:8080 │ http://localhost:4000/firestore │
├────────────────┼────────────────┼─────────────────────────────────┤
│ Hosting        │ localhost:5000 │ n/a                             │
└────────────────┴────────────────┴─────────────────────────────────┘
  Emulator Hub running at localhost:4400
  Other reserved ports: 4500

Issues? Report them at https://github.com/firebase/firebase-tools/issues and attach the *-debug.log files.
 
[debug] [2021-06-14T13:14:33.047Z] Jun 14, 2021 6:44:33 PM io.gapi.emulators.netty.HttpVersionRoutingHandler channelRead
INFO: Detected non-HTTP/2 connection.
 {"metadata":{"emulator":{"name":"firestore"},"message":"Jun 14, 2021 6:44:33 PM io.gapi.emulators.netty.HttpVersionRoutingHandler channelRead\nINFO: Detected non-HTTP/2 connection.\n"}}
[debug] [2021-06-14T13:22:48.672Z] Jun 14, 2021 6:52:48 PM io.gapi.emulators.netty.HttpVersionRoutingHandler channelRead
INFO: Detected non-HTTP/2 connection.
 {"metadata":{"emulator":{"name":"firestore"},"message":"Jun 14, 2021 6:52:48 PM io.gapi.emulators.netty.HttpVersionRoutingHandler channelRead\nINFO: Detected non-HTTP/2 connection.\n"}}
[debug] [2021-06-14T14:44:22.903Z] Jun 14, 2021 8:14:22 PM io.gapi.emulators.netty.HttpVersionRoutingHandler channelRead
INFO: Detected non-HTTP/2 connection.
 {"metadata":{"emulator":{"name":"firestore"},"message":"Jun 14, 2021 8:14:22 PM io.gapi.emulators.netty.HttpVersionRoutingHandler channelRead\nINFO: Detected non-HTTP/2 connection.\n"}}
[debug] [2021-06-14T14:44:22.973Z] Jun 14, 2021 8:14:22 PM io.gapi.emulators.netty.HttpVersionRoutingHandler channelRead
INFO: Detected HTTP/2 connection.
 {"metadata":{"emulator":{"name":"firestore"},"message":"Jun 14, 2021 8:14:22 PM io.gapi.emulators.netty.HttpVersionRoutingHandler channelRead\nINFO: Detected HTTP/2 connection.\n"}}
[debug] [2021-06-14T14:51:59.990Z] Jun 14, 2021 8:21:59 PM io.gapi.emulators.netty.HttpVersionRoutingHandler channelRead
INFO: Detected non-HTTP/2 connection.
 {"metadata":{"emulator":{"name":"firestore"},"message":"Jun 14, 2021 8:21:59 PM io.gapi.emulators.netty.HttpVersionRoutingHandler channelRead\nINFO: Detected non-HTTP/2 connection.\n"}}
[debug] [2021-06-14T14:52:00.256Z] Jun 14, 2021 8:22:00 PM io.gapi.emulators.netty.HttpVersionRoutingHandler channelRead
INFO: Detected non-HTTP/2 connection.
 {"metadata":{"emulator":{"name":"firestore"},"message":"Jun 14, 2021 8:22:00 PM io.gapi.emulators.netty.HttpVersionRoutingHandler channelRead\nINFO: Detected non-HTTP/2 connection.\n"}}
[debug] [2021-06-14T14:52:00.310Z] Jun 14, 2021 8:22:00 PM io.gapi.emulators.netty.HttpVersionRoutingHandler channelRead
INFO: Detected non-HTTP/2 connection.
 {"metadata":{"emulator":{"name":"firestore"},"message":"Jun 14, 2021 8:22:00 PM io.gapi.emulators.netty.HttpVersionRoutingHandler channelRead\nINFO: Detected non-HTTP/2 connection.\n"}}
[debug] [2021-06-14T14:52:00.764Z] [work-queue] {"queueLength":1,"workRunningCount":0}
[debug] [2021-06-14T14:52:00.765Z] [work-queue] {"queueLength":0,"workRunningCount":1}
[debug] [2021-06-14T14:52:00.765Z] Accepted request POST /functions/projects/blog-by-ankur-dev/triggers/blogCreated-0 --> blogCreated-0 {"metadata":{"emulator":{"name":"functions"},"message":"Accepted request POST /functions/projects/blog-by-ankur-dev/triggers/blogCreated-0 --> blogCreated-0"}}
[debug] [2021-06-14T14:52:00.862Z] [worker-pool] addWorker(blogCreated) {"metadata":{"emulator":{"name":"functions"},"message":"[worker-pool] addWorker(blogCreated)"}}
[debug] [2021-06-14T14:52:00.863Z] [worker-pool] Adding worker with key blogCreated, total=1 {"metadata":{"emulator":{"name":"functions"},"message":"[worker-pool] Adding worker with key blogCreated, total=1"}}
[debug] [2021-06-14T14:52:00.863Z] [worker-pool] submitWork(triggerId=blogCreated) {"metadata":{"emulator":{"name":"functions"},"message":"[worker-pool] submitWork(triggerId=blogCreated)"}}
[debug] [2021-06-14T14:52:00.863Z] [worker-blogCreated-528f2e3e-12f0-4f9e-a55f-c675e8d454c4]: Assigning socketPath: /var/folders/kx/z062tbbn34bb8_9qk9cgbqlr0000gn/T/fire_emu_9359.sock {"metadata":{"emulator":{"name":"functions"},"message":"[worker-blogCreated-528f2e3e-12f0-4f9e-a55f-c675e8d454c4]: Assigning socketPath: /var/folders/kx/z062tbbn34bb8_9qk9cgbqlr0000gn/T/fire_emu_9359.sock"}}
[debug] [2021-06-14T14:52:00.863Z] [worker-blogCreated-528f2e3e-12f0-4f9e-a55f-c675e8d454c4]: BUSY {"metadata":{"emulator":{"name":"functions"},"message":"[worker-blogCreated-528f2e3e-12f0-4f9e-a55f-c675e8d454c4]: BUSY"}}
[debug] [2021-06-14T14:52:00.870Z] Jun 14, 2021 8:22:00 PM io.gapi.emulators.netty.HttpVersionRoutingHandler channelRead
INFO: Detected non-HTTP/2 connection.
 {"metadata":{"emulator":{"name":"firestore"},"message":"Jun 14, 2021 8:22:00 PM io.gapi.emulators.netty.HttpVersionRoutingHandler channelRead\nINFO: Detected non-HTTP/2 connection.\n"}}
[debug] [2021-06-14T14:52:00.927Z] Jun 14, 2021 8:22:00 PM io.gapi.emulators.netty.HttpVersionRoutingHandler channelRead
INFO: Detected non-HTTP/2 connection.
 {"metadata":{"emulator":{"name":"firestore"},"message":"Jun 14, 2021 8:22:00 PM io.gapi.emulators.netty.HttpVersionRoutingHandler channelRead\nINFO: Detected non-HTTP/2 connection.\n"}}
[debug] [2021-06-14T14:52:01.047Z] Jun 14, 2021 8:22:01 PM io.gapi.emulators.netty.HttpVersionRoutingHandler channelRead
INFO: Detected non-HTTP/2 connection.
 {"metadata":{"emulator":{"name":"firestore"},"message":"Jun 14, 2021 8:22:01 PM io.gapi.emulators.netty.HttpVersionRoutingHandler channelRead\nINFO: Detected non-HTTP/2 connection.\n"}}
[debug] [2021-06-14T14:52:01.082Z] [runtime-status] [9359] Functions runtime initialized. {"cwd":"/Users/madhurjain/Documents/blog-by-ankur/blog-frontend/functions","node_version":"14.15.4"} {"metadata":{"emulator":{"name":"functions"},"function":{"name":"blogCreated"},"message":"[runtime-status] [9359] Functions runtime initialized. {\"cwd\":\"/Users/madhurjain/Documents/blog-by-ankur/blog-frontend/functions\",\"node_version\":\"14.15.4\"}"}}
[debug] [2021-06-14T14:52:01.084Z] [runtime-status] [9359] Disabled runtime features: undefined {"metadata":{"emulator":{"name":"functions"},"function":{"name":"blogCreated"},"message":"[runtime-status] [9359] Disabled runtime features: undefined"}}
[debug] [2021-06-14T14:52:01.087Z] [runtime-status] [9359] Resolved module firebase-admin {"declared":true,"installed":true,"version":"9.9.0","resolution":"/Users/madhurjain/Documents/blog-by-ankur/blog-frontend/functions/node_modules/firebase-admin/lib/index.js"} {"metadata":{"emulator":{"name":"functions"},"function":{"name":"blogCreated"},"message":"[runtime-status] [9359] Resolved module firebase-admin {\"declared\":true,\"installed\":true,\"version\":\"9.9.0\",\"resolution\":\"/Users/madhurjain/Documents/blog-by-ankur/blog-frontend/functions/node_modules/firebase-admin/lib/index.js\"}"}}
[debug] [2021-06-14T14:52:01.090Z] [runtime-status] [9359] Resolved module firebase-functions {"declared":true,"installed":true,"version":"3.14.1","resolution":"/Users/madhurjain/Documents/blog-by-ankur/blog-frontend/functions/node_modules/firebase-functions/lib/index.js"} {"metadata":{"emulator":{"name":"functions"},"function":{"name":"blogCreated"},"message":"[runtime-status] [9359] Resolved module firebase-functions {\"declared\":true,\"installed\":true,\"version\":\"3.14.1\",\"resolution\":\"/Users/madhurjain/Documents/blog-by-ankur/blog-frontend/functions/node_modules/firebase-functions/lib/index.js\"}"}}
[debug] [2021-06-14T14:52:01.091Z] [runtime-status] [9359] Resolved module firebase-functions {"declared":true,"installed":true,"version":"3.14.1","resolution":"/Users/madhurjain/Documents/blog-by-ankur/blog-frontend/functions/node_modules/firebase-functions/lib/index.js"} {"metadata":{"emulator":{"name":"functions"},"function":{"name":"blogCreated"},"message":"[runtime-status] [9359] Resolved module firebase-functions {\"declared\":true,\"installed\":true,\"version\":\"3.14.1\",\"resolution\":\"/Users/madhurjain/Documents/blog-by-ankur/blog-frontend/functions/node_modules/firebase-functions/lib/index.js\"}"}}
[debug] [2021-06-14T14:52:01.093Z] [runtime-status] [9359] Outgoing network have been stubbed. [{"name":"http","status":"mocked"},{"name":"http","status":"mocked"},{"name":"https","status":"mocked"},{"name":"https","status":"mocked"},{"name":"net","status":"mocked"}] {"metadata":{"emulator":{"name":"functions"},"function":{"name":"blogCreated"},"message":"[runtime-status] [9359] Outgoing network have been stubbed. [{\"name\":\"http\",\"status\":\"mocked\"},{\"name\":\"http\",\"status\":\"mocked\"},{\"name\":\"https\",\"status\":\"mocked\"},{\"name\":\"https\",\"status\":\"mocked\"},{\"name\":\"net\",\"status\":\"mocked\"}]"}}
[debug] [2021-06-14T14:52:01.093Z] [runtime-status] [9359] Resolved module firebase-functions {"declared":true,"installed":true,"version":"3.14.1","resolution":"/Users/madhurjain/Documents/blog-by-ankur/blog-frontend/functions/node_modules/firebase-functions/lib/index.js"} {"metadata":{"emulator":{"name":"functions"},"function":{"name":"blogCreated"},"message":"[runtime-status] [9359] Resolved module firebase-functions {\"declared\":true,\"installed\":true,\"version\":\"3.14.1\",\"resolution\":\"/Users/madhurjain/Documents/blog-by-ankur/blog-frontend/functions/node_modules/firebase-functions/lib/index.js\"}"}}
[debug] [2021-06-14T14:52:01.133Z] [runtime-status] [9359] Checked functions.config() {"config":{}} {"metadata":{"emulator":{"name":"functions"},"function":{"name":"blogCreated"},"message":"[runtime-status] [9359] Checked functions.config() {\"config\":{}}"}}
[debug] [2021-06-14T14:52:01.134Z] [runtime-status] [9359] firebase-functions has been stubbed. {"functionsResolution":{"declared":true,"installed":true,"version":"3.14.1","resolution":"/Users/madhurjain/Documents/blog-by-ankur/blog-frontend/functions/node_modules/firebase-functions/lib/index.js"}} {"metadata":{"emulator":{"name":"functions"},"function":{"name":"blogCreated"},"message":"[runtime-status] [9359] firebase-functions has been stubbed. {\"functionsResolution\":{\"declared\":true,\"installed\":true,\"version\":\"3.14.1\",\"resolution\":\"/Users/madhurjain/Documents/blog-by-ankur/blog-frontend/functions/node_modules/firebase-functions/lib/index.js\"}}"}}
[debug] [2021-06-14T14:52:01.134Z] [runtime-status] [9359] Resolved module firebase-functions {"declared":true,"installed":true,"version":"3.14.1","resolution":"/Users/madhurjain/Documents/blog-by-ankur/blog-frontend/functions/node_modules/firebase-functions/lib/index.js"} {"metadata":{"emulator":{"name":"functions"},"function":{"name":"blogCreated"},"message":"[runtime-status] [9359] Resolved module firebase-functions {\"declared\":true,\"installed\":true,\"version\":\"3.14.1\",\"resolution\":\"/Users/madhurjain/Documents/blog-by-ankur/blog-frontend/functions/node_modules/firebase-functions/lib/index.js\"}"}}
[debug] [2021-06-14T14:52:01.134Z] [runtime-status] [9359] Resolved module firebase-admin {"declared":true,"installed":true,"version":"9.9.0","resolution":"/Users/madhurjain/Documents/blog-by-ankur/blog-frontend/functions/node_modules/firebase-admin/lib/index.js"} {"metadata":{"emulator":{"name":"functions"},"function":{"name":"blogCreated"},"message":"[runtime-status] [9359] Resolved module firebase-admin {\"declared\":true,\"installed\":true,\"version\":\"9.9.0\",\"resolution\":\"/Users/madhurjain/Documents/blog-by-ankur/blog-frontend/functions/node_modules/firebase-admin/lib/index.js\"}"}}
[debug] [2021-06-14T14:52:01.135Z] [runtime-status] [9359] Resolved module firebase-functions {"declared":true,"installed":true,"version":"3.14.1","resolution":"/Users/madhurjain/Documents/blog-by-ankur/blog-frontend/functions/node_modules/firebase-functions/lib/index.js"} {"metadata":{"emulator":{"name":"functions"},"function":{"name":"blogCreated"},"message":"[runtime-status] [9359] Resolved module firebase-functions {\"declared\":true,\"installed\":true,\"version\":\"3.14.1\",\"resolution\":\"/Users/madhurjain/Documents/blog-by-ankur/blog-frontend/functions/node_modules/firebase-functions/lib/index.js\"}"}}
[debug] [2021-06-14T14:52:01.135Z] [runtime-status] [9359] firebase-admin has been stubbed. {"adminResolution":{"declared":true,"installed":true,"version":"9.9.0","resolution":"/Users/madhurjain/Documents/blog-by-ankur/blog-frontend/functions/node_modules/firebase-admin/lib/index.js"}} {"metadata":{"emulator":{"name":"functions"},"function":{"name":"blogCreated"},"message":"[runtime-status] [9359] firebase-admin has been stubbed. {\"adminResolution\":{\"declared\":true,\"installed\":true,\"version\":\"9.9.0\",\"resolution\":\"/Users/madhurjain/Documents/blog-by-ankur/blog-frontend/functions/node_modules/firebase-admin/lib/index.js\"}}"}}
[debug] [2021-06-14T14:52:01.136Z] [runtime-status] [9359] initializeApp(DEFAULT) {"storageBucket":"blog-by-ankur-dev.appspot.com","projectId":"blog-by-ankur-dev"} {"metadata":{"emulator":{"name":"functions"},"function":{"name":"blogCreated"},"message":"[runtime-status] [9359] initializeApp(DEFAULT) {\"storageBucket\":\"blog-by-ankur-dev.appspot.com\",\"projectId\":\"blog-by-ankur-dev\"}"}}
[debug] [2021-06-14T14:52:01.137Z] [runtime-status] [9359] Trigger "blogCreated" has been found, beginning invocation! {"metadata":{"emulator":{"name":"functions"},"function":{"name":"blogCreated"},"message":"[runtime-status] [9359] Trigger \"blogCreated\" has been found, beginning invocation!"}}
[info] i  functions: Beginning execution of "blogCreated" {"metadata":{"emulator":{"name":"functions"},"function":{"name":"blogCreated"},"message":"Beginning execution of \"blogCreated\""}}
[debug] [2021-06-14T14:52:01.139Z] [runtime-status] [9359] triggerDefinition {"eventTrigger":{"resource":"projects/blog-by-ankur-dev/databases/(default)/documents/posts/{postID}","eventType":"providers/cloud.firestore/eventTypes/document.create","service":"firestore.googleapis.com"},"name":"blogCreated","entryPoint":"blogCreated"} {"metadata":{"emulator":{"name":"functions"},"function":{"name":"blogCreated"},"message":"[runtime-status] [9359] triggerDefinition {\"eventTrigger\":{\"resource\":\"projects/blog-by-ankur-dev/databases/(default)/documents/posts/{postID}\",\"eventType\":\"providers/cloud.firestore/eventTypes/document.create\",\"service\":\"firestore.googleapis.com\"},\"name\":\"blogCreated\",\"entryPoint\":\"blogCreated\"}"}}
[debug] [2021-06-14T14:52:01.139Z] [runtime-status] [9359] Running blogCreated in mode BACKGROUND {"metadata":{"emulator":{"name":"functions"},"function":{"name":"blogCreated"},"message":"[runtime-status] [9359] Running blogCreated in mode BACKGROUND"}}
[debug] [2021-06-14T14:52:01.139Z] [runtime-status] [9359] ProcessBackground {"data":{"value":{"name":"projects/blog-by-ankur-dev/databases/(default)/documents/posts/VX1HDMjwmgNLR6C7pvn6","fields":{"author":{"stringValue":"Madhur"},"blogContent":{"stringValue":"HELLO"},"publish":{"booleanValue":true}},"createTime":"2021-06-14T14:52:00.579Z","updateTime":"2021-06-14T14:52:00.579Z"},"updateMask":{}},"context":{"eventId":"01f76e88-6e57-4547-96b4-b4023fc8db34","timestamp":"2021-06-14T14:52:00.579Z","eventType":"providers/cloud.firestore/eventTypes/document.create","resource":{"name":"projects/blog-by-ankur-dev/databases/(default)/documents/posts/VX1HDMjwmgNLR6C7pvn6","service":"firestore.googleapis.com"}}} {"metadata":{"emulator":{"name":"functions"},"function":{"name":"blogCreated"},"message":"[runtime-status] [9359] ProcessBackground {\"data\":{\"value\":{\"name\":\"projects/blog-by-ankur-dev/databases/(default)/documents/posts/VX1HDMjwmgNLR6C7pvn6\",\"fields\":{\"author\":{\"stringValue\":\"Madhur\"},\"blogContent\":{\"stringValue\":\"HELLO\"},\"publish\":{\"booleanValue\":true}},\"createTime\":\"2021-06-14T14:52:00.579Z\",\"updateTime\":\"2021-06-14T14:52:00.579Z\"},\"updateMask\":{}},\"context\":{\"eventId\":\"01f76e88-6e57-4547-96b4-b4023fc8db34\",\"timestamp\":\"2021-06-14T14:52:00.579Z\",\"eventType\":\"providers/cloud.firestore/eventTypes/document.create\",\"resource\":{\"name\":\"projects/blog-by-ankur-dev/databases/(default)/documents/posts/VX1HDMjwmgNLR6C7pvn6\",\"service\":\"firestore.googleapis.com\"}}}"}}
[debug] [2021-06-14T14:52:01.139Z] [runtime-status] [9359] ProcessBackground: lifting resource.name from resource {"name":"projects/blog-by-ankur-dev/databases/(default)/documents/posts/VX1HDMjwmgNLR6C7pvn6","service":"firestore.googleapis.com"} {"metadata":{"emulator":{"name":"functions"},"function":{"name":"blogCreated"},"message":"[runtime-status] [9359] ProcessBackground: lifting resource.name from resource {\"name\":\"projects/blog-by-ankur-dev/databases/(default)/documents/posts/VX1HDMjwmgNLR6C7pvn6\",\"service\":\"firestore.googleapis.com\"}"}}
[debug] [2021-06-14T14:52:01.139Z] [runtime-status] [9359] RunBackground {"data":{"value":{"name":"projects/blog-by-ankur-dev/databases/(default)/documents/posts/VX1HDMjwmgNLR6C7pvn6","fields":{"author":{"stringValue":"Madhur"},"blogContent":{"stringValue":"HELLO"},"publish":{"booleanValue":true}},"createTime":"2021-06-14T14:52:00.579Z","updateTime":"2021-06-14T14:52:00.579Z"},"updateMask":{}},"context":{"eventId":"01f76e88-6e57-4547-96b4-b4023fc8db34","timestamp":"2021-06-14T14:52:00.579Z","eventType":"providers/cloud.firestore/eventTypes/document.create","resource":"projects/blog-by-ankur-dev/databases/(default)/documents/posts/VX1HDMjwmgNLR6C7pvn6"}} {"metadata":{"emulator":{"name":"functions"},"function":{"name":"blogCreated"},"message":"[runtime-status] [9359] RunBackground {\"data\":{\"value\":{\"name\":\"projects/blog-by-ankur-dev/databases/(default)/documents/posts/VX1HDMjwmgNLR6C7pvn6\",\"fields\":{\"author\":{\"stringValue\":\"Madhur\"},\"blogContent\":{\"stringValue\":\"HELLO\"},\"publish\":{\"booleanValue\":true}},\"createTime\":\"2021-06-14T14:52:00.579Z\",\"updateTime\":\"2021-06-14T14:52:00.579Z\"},\"updateMask\":{}},\"context\":{\"eventId\":\"01f76e88-6e57-4547-96b4-b4023fc8db34\",\"timestamp\":\"2021-06-14T14:52:00.579Z\",\"eventType\":\"providers/cloud.firestore/eventTypes/document.create\",\"resource\":\"projects/blog-by-ankur-dev/databases/(default)/documents/posts/VX1HDMjwmgNLR6C7pvn6\"}}"}}
[debug] [2021-06-14T14:52:01.454Z] Jun 14, 2021 8:22:01 PM io.gapi.emulators.netty.HttpVersionRoutingHandler channelRead
INFO: Detected HTTP/2 connection.
 {"metadata":{"emulator":{"name":"firestore"},"message":"Jun 14, 2021 8:22:01 PM io.gapi.emulators.netty.HttpVersionRoutingHandler channelRead\nINFO: Detected HTTP/2 connection.\n"}}
[debug] [2021-06-14T14:52:01.518Z] [runtime-status] [9359] Ephemeral server survived. {"metadata":{"emulator":{"name":"functions"},"function":{"name":"blogCreated"},"message":"[runtime-status] [9359] Ephemeral server survived."}}
[info] i  functions: Finished "blogCreated" in ~1s {"metadata":{"emulator":{"name":"functions"},"function":{"name":"blogCreated"},"message":"Finished \"blogCreated\" in ~1s"}}
[debug] [2021-06-14T14:52:01.519Z] [worker-blogCreated-528f2e3e-12f0-4f9e-a55f-c675e8d454c4]: IDLE {"metadata":{"emulator":{"name":"functions"},"message":"[worker-blogCreated-528f2e3e-12f0-4f9e-a55f-c675e8d454c4]: IDLE"}}
[debug] [2021-06-14T14:52:01.519Z] [work-queue] {"queueLength":0,"workRunningCount":0}
[debug] [2021-06-14T14:52:16.756Z] Jun 14, 2021 8:22:16 PM io.gapi.emulators.netty.HttpVersionRoutingHandler channelRead
INFO: Detected non-HTTP/2 connection.
 {"metadata":{"emulator":{"name":"firestore"},"message":"Jun 14, 2021 8:22:16 PM io.gapi.emulators.netty.HttpVersionRoutingHandler channelRead\nINFO: Detected non-HTTP/2 connection.\n"}}
[debug] [2021-06-14T14:52:16.760Z] Jun 14, 2021 8:22:16 PM io.gapi.emulators.netty.HttpVersionRoutingHandler channelRead
INFO: Detected non-HTTP/2 connection.
 {"metadata":{"emulator":{"name":"firestore"},"message":"Jun 14, 2021 8:22:16 PM io.gapi.emulators.netty.HttpVersionRoutingHandler channelRead\nINFO: Detected non-HTTP/2 connection.\n"}}
[debug] [2021-06-14T14:53:00.727Z] Jun 14, 2021 8:23:00 PM io.gapi.emulators.netty.HttpVersionRoutingHandler channelRead
INFO: Detected non-HTTP/2 connection.
 {"metadata":{"emulator":{"name":"firestore"},"message":"Jun 14, 2021 8:23:00 PM io.gapi.emulators.netty.HttpVersionRoutingHandler channelRead\nINFO: Detected non-HTTP/2 connection.\n"}}
[debug] [2021-06-14T14:53:00.730Z] Jun 14, 2021 8:23:00 PM io.gapi.emulators.netty.HttpVersionRoutingHandler channelRead
INFO: Detected non-HTTP/2 connection.
 {"metadata":{"emulator":{"name":"firestore"},"message":"Jun 14, 2021 8:23:00 PM io.gapi.emulators.netty.HttpVersionRoutingHandler channelRead\nINFO: Detected non-HTTP/2 connection.\n"}}
[debug] [2021-06-14T14:53:00.808Z] Jun 14, 2021 8:23:00 PM com.google.cloud.datastore.emulator.firestore.webchannel.FirestoreV1WebChannelAdapter$FirestoreWriteHandler onClose
INFO: channel closed
 {"metadata":{"emulator":{"name":"firestore"},"message":"Jun 14, 2021 8:23:00 PM com.google.cloud.datastore.emulator.firestore.webchannel.FirestoreV1WebChannelAdapter$FirestoreWriteHandler onClose\nINFO: channel closed\n"}}
[debug] [2021-06-14T14:53:16.151Z] Jun 14, 2021 8:23:16 PM io.gapi.emulators.netty.HttpVersionRoutingHandler channelRead
INFO: Detected non-HTTP/2 connection.
 {"metadata":{"emulator":{"name":"firestore"},"message":"Jun 14, 2021 8:23:16 PM io.gapi.emulators.netty.HttpVersionRoutingHandler channelRead\nINFO: Detected non-HTTP/2 connection.\n"}}
[debug] [2021-06-14T14:54:16.215Z] Jun 14, 2021 8:24:16 PM io.gapi.emulators.netty.HttpVersionRoutingHandler channelRead
INFO: Detected non-HTTP/2 connection.
 {"metadata":{"emulator":{"name":"firestore"},"message":"Jun 14, 2021 8:24:16 PM io.gapi.emulators.netty.HttpVersionRoutingHandler channelRead\nINFO: Detected non-HTTP/2 connection.\n"}}
[debug] [2021-06-14T14:55:16.274Z] Jun 14, 2021 8:25:16 PM io.gapi.emulators.netty.HttpVersionRoutingHandler channelRead
INFO: Detected non-HTTP/2 connection.
 {"metadata":{"emulator":{"name":"firestore"},"message":"Jun 14, 2021 8:25:16 PM io.gapi.emulators.netty.HttpVersionRoutingHandler channelRead\nINFO: Detected non-HTTP/2 connection.\n"}}
[debug] [2021-06-14T14:56:16.344Z] Jun 14, 2021 8:26:16 PM io.gapi.emulators.netty.HttpVersionRoutingHandler channelRead
INFO: Detected non-HTTP/2 connection.
 {"metadata":{"emulator":{"name":"firestore"},"message":"Jun 14, 2021 8:26:16 PM io.gapi.emulators.netty.HttpVersionRoutingHandler channelRead\nINFO: Detected non-HTTP/2 connection.\n"}}
[debug] [2021-06-14T14:57:32.042Z] Jun 14, 2021 8:27:32 PM io.gapi.emulators.netty.HttpVersionRoutingHandler channelRead
INFO: Detected non-HTTP/2 connection.
 {"metadata":{"emulator":{"name":"firestore"},"message":"Jun 14, 2021 8:27:32 PM io.gapi.emulators.netty.HttpVersionRoutingHandler channelRead\nINFO: Detected non-HTTP/2 connection.\n"}}
[debug] [2021-06-14T14:58:32.090Z] Jun 14, 2021 8:28:32 PM io.gapi.emulators.netty.HttpVersionRoutingHandler channelRead
INFO: Detected non-HTTP/2 connection.
 {"metadata":{"emulator":{"name":"firestore"},"message":"Jun 14, 2021 8:28:32 PM io.gapi.emulators.netty.HttpVersionRoutingHandler channelRead\nINFO: Detected non-HTTP/2 connection.\n"}}
[debug] [2021-06-14T14:59:32.150Z] Jun 14, 2021 8:29:32 PM io.gapi.emulators.netty.HttpVersionRoutingHandler channelRead
INFO: Detected non-HTTP/2 connection.
 {"metadata":{"emulator":{"name":"firestore"},"message":"Jun 14, 2021 8:29:32 PM io.gapi.emulators.netty.HttpVersionRoutingHandler channelRead\nINFO: Detected non-HTTP/2 connection.\n"}}
[debug] [2021-06-14T15:00:32.232Z] Jun 14, 2021 8:30:32 PM io.gapi.emulators.netty.HttpVersionRoutingHandler channelRead
INFO: Detected non-HTTP/2 connection.
 {"metadata":{"emulator":{"name":"firestore"},"message":"Jun 14, 2021 8:30:32 PM io.gapi.emulators.netty.HttpVersionRoutingHandler channelRead\nINFO: Detected non-HTTP/2 connection.\n"}}
[debug] [2021-06-14T15:01:32.320Z] Jun 14, 2021 8:31:32 PM io.gapi.emulators.netty.HttpVersionRoutingHandler channelRead
INFO: Detected non-HTTP/2 connection.
 {"metadata":{"emulator":{"name":"firestore"},"message":"Jun 14, 2021 8:31:32 PM io.gapi.emulators.netty.HttpVersionRoutingHandler channelRead\nINFO: Detected non-HTTP/2 connection.\n"}}
[debug] [2021-06-14T15:02:32.356Z] Jun 14, 2021 8:32:32 PM io.gapi.emulators.netty.HttpVersionRoutingHandler channelRead
INFO: Detected non-HTTP/2 connection.
 {"metadata":{"emulator":{"name":"firestore"},"message":"Jun 14, 2021 8:32:32 PM io.gapi.emulators.netty.HttpVersionRoutingHandler channelRead\nINFO: Detected non-HTTP/2 connection.\n"}}
[debug] [2021-06-14T15:03:32.411Z] Jun 14, 2021 8:33:32 PM io.gapi.emulators.netty.HttpVersionRoutingHandler channelRead
INFO: Detected non-HTTP/2 connection.
 {"metadata":{"emulator":{"name":"firestore"},"message":"Jun 14, 2021 8:33:32 PM io.gapi.emulators.netty.HttpVersionRoutingHandler channelRead\nINFO: Detected non-HTTP/2 connection.\n"}}
